2019-04-21T12:01:50.520Z - info: Initialization success.
2019-04-21T12:01:50.521Z - info: Converting to MarkBind website.
2019-04-21T12:01:50.541Z - info: Copied over the existing _Sidebar.md file to _markbind/layouts/default/navigation.mdCheck https://markbind.org/userGuide/tweakingThePageStructure.html#site-navigation-menus
for information on site navigation menus.
2019-04-21T12:01:50.543Z - info: The default base URL of your site is set to /
You can change the base URL of your site by editing site.json
Check https://markbind.org/userGuide/siteConfiguration.html for more information.
2019-04-21T12:01:50.543Z - info: Conversion success.
2019-04-21T12:02:00.641Z - info: Website generation started at 8:02:00 PM
2019-04-21T12:02:00.681Z - info: Building assets...
2019-04-21T12:02:00.695Z - info: Assets built
2019-04-21T12:02:00.695Z - info: Generating pages...
2019-04-21T12:02:01.915Z - info: Pages built
2019-04-21T12:02:02.108Z - info: Website generation complete! Total build time: 1.496s
2019-04-21T12:02:02.108Z - info: Build success!
2019-04-21T12:02:02.110Z - info: Site data built
2019-04-21T12:02:08.254Z - info: Website generation started at 8:02:08 PM
2019-04-21T12:02:08.290Z - info: Building assets...
2019-04-21T12:02:08.302Z - info: Assets built
2019-04-21T12:02:08.303Z - info: Generating pages...
2019-04-21T12:02:09.499Z - info: Pages built
2019-04-21T12:02:09.666Z - info: Website generation complete! Total build time: 1.451s
2019-04-21T12:02:09.694Z - info: Serving "/Users/aadyaamaddi/Desktop/teammates.wiki/_site" at http://127.0.0.1:8080
2019-04-21T12:02:09.694Z - info: Press CTRL+C to stop ...
2019-04-21T12:02:09.720Z - info: Site data built
2019-04-21T12:04:01.864Z - info: Website generation started at 8:04:01 PM
2019-04-21T12:04:01.893Z - info: Building assets...
2019-04-21T12:04:01.904Z - info: Assets built
2019-04-21T12:04:01.904Z - info: Generating pages...
2019-04-21T12:04:03.134Z - info: Pages built
2019-04-21T12:04:03.279Z - info: Website generation complete! Total build time: 1.453s
2019-04-21T12:04:03.300Z - info: Serving "/Users/aadyaamaddi/Desktop/teammates.wiki/_site" at http://127.0.0.1:8080
2019-04-21T12:04:03.300Z - info: Press CTRL+C to stop ...
2019-04-21T12:04:03.324Z - info: Site data built
